proguard/seeds.txt
com.ianhanniballake.contractiontimer.ContractionTimerApplication
com.ianhanniballake.contractiontimer.ContractionTimerApplication: ContractionTimerApplication()
com.ianhanniballake.contractiontimer.R$array: int donate_in_app_sku_array
com.ianhanniballake.contractiontimer.R$array: int pref_appwidget_background_entries
com.ianhanniballake.contractiontimer.R$array: int pref_appwidget_background_entryvalues
com.ianhanniballake.contractiontimer.R$array: int pref_settings_average_time_frame_entries
com.ianhanniballake.contractiontimer.R$array: int pref_settings_average_time_frame_entryvalues
com.ianhanniballake.contractiontimer.R$attr: int actionbarCompatItemStyle
com.ianhanniballake.contractiontimer.R$attr: int actionbarCompatTitleStyle
com.ianhanniballake.contractiontimer.R$bool: int detail_appwidget_enabled
com.ianhanniballake.contractiontimer.R$bool: int ga_anonymizeIp
com.ianhanniballake.contractiontimer.R$bool: int pref_privacy_analytics_default
com.ianhanniballake.contractiontimer.R$bool: int pref_settings_keep_screen_on_default
com.ianhanniballake.contractiontimer.R$bool: int pref_settings_lock_portrait_default
com.ianhanniballake.contractiontimer.R$color: int actionbar_compat_background
com.ianhanniballake.contractiontimer.R$color: int average_background
com.ianhanniballake.contractiontimer.R$color: int detail_appwidget_background_dark
com.ianhanniballake.contractiontimer.R$color: int detail_appwidget_background_light
com.ianhanniballake.contractiontimer.R$color: int error_background
com.ianhanniballake.contractiontimer.R$color: int pagerstrip_background
com.ianhanniballake.contractiontimer.R$dimen: int actionbar_compat_button_home_width
com.ianhanniballake.contractiontimer.R$dimen: int actionbar_compat_button_up_caret_width
com.ianhanniballake.contractiontimer.R$dimen: int actionbar_compat_button_width
com.ianhanniballake.contractiontimer.R$dimen: int actionbar_compat_height
com.ianhanniballake.contractiontimer.R$dimen: int actionbar_compat_padding
com.ianhanniballake.contractiontimer.R$dimen: int actionbar_compat_title_textsize
com.ianhanniballake.contractiontimer.R$dimen: int appwidget_padding
com.ianhanniballake.contractiontimer.R$dimen: int control_frame_padding
com.ianhanniballake.contractiontimer.R$dimen: int control_padding_bottom
com.ianhanniballake.contractiontimer.R$dimen: int control_padding_top
com.ianhanniballake.contractiontimer.R$dimen: int dialog_padding
com.ianhanniballake.contractiontimer.R$dimen: int dividing_padding
com.ianhanniballake.contractiontimer.R$dimen: int indent_padding
com.ianhanniballake.contractiontimer.R$dimen: int outer_padding
com.ianhanniballake.contractiontimer.R$dimen: int shape_corner_radius
...
com.google.analytics.tracking.android.AnalyticsReceiver
com.google.analytics.tracking.android.AnalyticsReceiver: AnalyticsReceiver()
com.google.analytics.tracking.android.AnalyticsStore
com.google.analytics.tracking.android.AnalyticsStoreStateListener
com.google.analytics.tracking.android.AnalyticsThread
com.google.analytics.tracking.android.AnalyticsThread$ClientIdCallback
com.google.analytics.tracking.android.Clock
com.google.analytics.tracking.android.Dispatcher
com.google.analytics.tracking.android.EasyTracker
com.google.analytics.tracking.android.EasyTracker$1
com.google.analytics.tracking.android.EasyTracker$NoopTracker
com.google.analytics.tracking.android.EasyTracker$NotInForegroundTimerTask
com.google.analytics.tracking.android.ExceptionParser
com.google.analytics.tracking.android.ExceptionReporter
com.google.analytics.tracking.android.FutureApis
com.google.analytics.tracking.android.GAServiceManager
com.google.analytics.tracking.android.GAServiceManager$1
com.google.analytics.tracking.android.GAServiceManager$2
com.google.analytics.tracking.android.GAServiceProxy
com.google.analytics.tracking.android.GAServiceProxy$1
com.google.analytics.tracking.android.GAServiceProxy$2
com.google.analytics.tracking.android.GAServiceProxy$3
com.google.analytics.tracking.android.GAServiceProxy$ConnectState
com.google.analytics.tracking.android.GAServiceProxy$ConnectState: com.google.analytics.tracking.android.GAServiceProxy$ConnectState[] values()
com.google.analytics.tracking.android.GAServiceProxy$ConnectState: com.google.analytics.tracking.android.GAServiceProxy$ConnectState valueOf(java.lang.String)
com.google.analytics.tracking.android.GAServiceProxy$DisconnectCheckTask
com.google.analytics.tracking.android.GAServiceProxy$FailedConnectTask
com.google.analytics.tracking.android.GAServiceProxy$HitParams
com.google.analytics.tracking.android.GAServiceProxy$ReconnectTask
com.google.analytics.tracking.android.GAThread
com.google.analytics.tracking.android.GAThread$1
com.google.analytics.tracking.android.GAThread$2
com.google.analytics.tracking.android.GAThread$3
com.google.analytics.tracking.android.GAThread$4
com.google.analytics.tracking.android.GAThread$5
com.google.analytics.tracking.android.GAUsage
com.google.analytics.tracking.android.GAUsage$Field
com.google.analytics.tracking.android.GAUsage$Field: com.google.analytics.tracking.android.GAUsage$Field[] values()
com.google.analytics.tracking.android.GAUsage$Field: com.google.analytics.tracking.android.GAUsage$Field valueOf(java.lang.String)
com.google.analytics.tracking.android.GoogleAnalytics
com.google.analytics.tracking.android.GoogleAnalytics$1
com.google.analytics.tracking.android.GoogleAnalytics$2
com.google.analytics.tracking.android.GoogleTracker
com.google.analytics.tracking.android.GoogleTracker$1
com.google.analytics.tracking.android.GoogleTracker$SimpleModel
com.google.analytics.tracking.android.Hit
com.google.analytics.tracking.android.HitBuilder
com.google.analytics.tracking.android.HttpClientFactory
com.google.analytics.tracking.android.Item
com.google.analytics.tracking.android.Item$1
com.google.analytics.tracking.android.Item$Builder
com.google.analytics.tracking.android.Log
com.google.analytics.tracking.android.MetaModel
com.google.analytics.tracking.android.MetaModel$Formatter
com.google.analytics.tracking.android.MetaModel$MetaInfo
com.google.analytics.tracking.android.MetaModelInitializer
com.google.analytics.tracking.android.MetaModelInitializer$1
com.google.analytics.tracking.android.MetaModelInitializer$2
com.google.analytics.tracking.android.ModelFields
com.google.analytics.tracking.android.NoopDispatcher
com.google.analytics.tracking.android.ParameterLoader
com.google.analytics.tracking.android.ParameterLoaderImpl
com.google.analytics.tracking.android.PersistentAnalyticsStore
com.google.analytics.tracking.android.PersistentAnalyticsStore$1