proguard/mapping.txt
com.ianhanniballake.contractiontimer.ContractionTimerApplication -> com.ianhanniballake.contractiontimer.ContractionTimerApplication:
    33:56:void onCreate() -> onCreate
com.ianhanniballake.contractiontimer.actionbar.ActionBarFragmentActivity -> com.ianhanniballake.contractiontimer.a.a:
    com.ianhanniballake.contractiontimer.actionbar.ActionBarHelper mActionBarHelper -> m
    26:26:com.ianhanniballake.contractiontimer.actionbar.ActionBarHelper getActionBarHelper() -> g
    33:33:android.view.MenuInflater getMenuInflater() -> getMenuInflater
    40:42:void onCreate(android.os.Bundle) -> onCreate
    50:52:boolean onCreateOptionsMenu(android.view.Menu) -> onCreateOptionsMenu
    59:61:void onPostCreate(android.os.Bundle) -> onPostCreate
    69:71:void supportInvalidateOptionsMenu() -> c
com.ianhanniballake.contractiontimer.actionbar.ActionBarHelper -> com.ianhanniballake.contractiontimer.a.b:
    android.app.Activity mActivity -> a
    24:26:com.ianhanniballake.contractiontimer.actionbar.ActionBarHelper createInstance(android.app.Activity) -> a
    android.view.MenuInflater getMenuInflater(android.view.MenuInflater) -> a
    void onCreate() -> a
    boolean onCreateOptionsMenu(android.view.Menu) -> a
    void onPostCreate() -> b
    void setDisplayHomeAsUpEnabled(boolean) -> a
    void setEnabled(android.view.MenuItem,boolean) -> a
    void setVisible(android.view.MenuItem,boolean) -> b
    void supportInvalidateOptionsMenu() -> c
com.ianhanniballake.contractiontimer.actionbar.ActionBarHelperBase -> com.ianhanniballake.contractiontimer.a.c:
    java.util.Set mActionItemIds -> b
    android.view.Menu mMenu -> c
    boolean settingUpCreateOptionsMenu -> d
    boolean showHomeAsUp -> e
    229:250:void addActionItemCompatFromMenuItem(android.view.MenuItem) -> a
    259:259:android.view.ViewGroup getActionBarCompat() -> d
    268:268:android.view.MenuInflater getMenuInflater(android.view.MenuInflater) -> a
    275:276:void onCreate() -> a
    286:296:boolean onCreateOptionsMenu(android.view.Menu) -> a
    303:314:void onPostCreate() -> b
    319:327:void setDisplayHomeAsUpEnabled(boolean) -> a
    332:339:void setEnabled(android.view.MenuItem,boolean) -> a
    346:361:void setupActionBar() -> e
    366:378:void setVisible(android.view.MenuItem,boolean) -> b
    386:388:void supportInvalidateOptionsMenu() -> c
com.ianhanniballake.contractiontimer.actionbar.ActionBarHelperBase$1 -> com.ianhanniballake.contractiontimer.a.d:
    com.ianhanniballake.contractiontimer.actionbar.ActionBarHelperBase this$0 -> a
    android.view.MenuItem val$item -> b
    246:247:void onClick(android.view.View) -> onClick
com.ianhanniballake.contractiontimer.actionbar.ActionBarHelperBase$HomeButtonLayout -> com.ianhanniballake.contractiontimer.a.e:
    com.ianhanniballake.contractiontimer.actionbar.ActionBarHelperBase this$0 -> a
    84:93:void setClickable(boolean) -> setClickable
    36:36:com.ianhanniballake.contractiontimer.actionbar.ActionBarHelperBase access$0(com.ianhanniballake.contractiontimer.actionbar.ActionBarHelperBase$HomeButtonLayout) -> a
com.ianhanniballake.contractiontimer.actionbar.ActionBarHelperBase$HomeButtonLayout$1 -> com.ianhanniballake.contractiontimer.a.f:
    com.ianhanniballake.contractiontimer.actionbar.ActionBarHelperBase$HomeButtonLayout this$1 -> a
    com.ianhanniballake.contractiontimer.actionbar.SimpleMenuItem val$homeItem -> b
    76:77:void onClick(android.view.View) -> onClick
com.ianhanniballake.contractiontimer.actionbar.ActionBarHelperBase$WrappedMenuInflater -> com.ianhanniballake.contractiontimer.a.g:
    android.view.MenuInflater mInflater -> a
    com.ianhanniballake.contractiontimer.actionbar.ActionBarHelperBase this$0 -> b
    133:135:void inflate(int,android.view.Menu) -> inflate
    146:191:void loadActionBarMetadata(int) -> a
...
com.google.analytics.tracking.android.MetaModel -> com.google.analytics.tracking.android.MetaModel:
    java.util.Map metaInfos -> a
    20:30:com.google.analytics.tracking.android.MetaModel$MetaInfo getMetaInfo(java.lang.String) -> a
    41:42:void addField(java.lang.String,java.lang.String,java.lang.String,com.google.analytics.tracking.android.MetaModel$Formatter) -> a
com.google.analytics.tracking.android.MetaModel$Formatter -> com.google.analytics.tracking.android.MetaModel$Formatter:
    java.lang.String format(java.lang.String) -> a
com.google.analytics.tracking.android.MetaModel$MetaInfo -> com.google.analytics.tracking.android.MetaModel$MetaInfo:
    java.lang.String urlParam -> a
    java.lang.String defaultValue -> b
    com.google.analytics.tracking.android.MetaModel$Formatter formatter -> c
    69:86:java.lang.String getUrlParam(java.lang.String) -> a
    91:91:java.lang.String getDefaultValue() -> a
    95:95:com.google.analytics.tracking.android.MetaModel$Formatter getFormatter() -> b
com.google.analytics.tracking.android.MetaModelInitializer -> com.google.analytics.tracking.android.MetaModelInitializer:
    com.google.analytics.tracking.android.MetaModel$Formatter BOOLEAN_FORMATTER -> a
    com.google.analytics.tracking.android.MetaModel$Formatter UP_TO_TWO_DIGIT_FLOAT_FORMATTER -> b
    34:124:void set(com.google.analytics.tracking.android.MetaModel) -> a
com.google.analytics.tracking.android.MetaModelInitializer$1 -> com.google.analytics.tracking.android.MetaModelInitializer$1:
    17:17:java.lang.String format(java.lang.String) -> a
com.google.analytics.tracking.android.MetaModelInitializer$2 -> com.google.analytics.tracking.android.MetaModelInitializer$2:
    java.text.DecimalFormat floatFormat -> a
    25:25:java.lang.String format(java.lang.String) -> a
com.google.analytics.tracking.android.ModelFields -> com.google.analytics.tracking.android.ModelFields:
com.google.analytics.tracking.android.NoopDispatcher -> com.google.analytics.tracking.android.NoopDispatcher:
    18:18:boolean okToDispatch() -> a
    23:46:int dispatchHits(java.util.List) -> a
com.google.analytics.tracking.android.ParameterLoader -> com.google.analytics.tracking.android.ParameterLoader:
    java.lang.String getString(java.lang.String) -> a
    java.lang.Double getDoubleFromString(java.lang.String) -> b
    boolean getBoolean(java.lang.String) -> c
    int getInt(java.lang.String,int) -> a
com.google.analytics.tracking.android.ParameterLoaderImpl -> com.google.analytics.tracking.android.ParameterLoaderImpl:
    android.content.Context ctx -> a
    36:39:int getResourceIdForType(java.lang.String,java.lang.String) -> a
    44:48:java.lang.String getString(java.lang.String) -> a
    54:58:boolean getBoolean(java.lang.String) -> c
    64:72:int getInt(java.lang.String,int) -> a
    84:92:java.lang.Double getDoubleFromString(java.lang.String) -> b