proguard/usage.txt
com.ianhanniballake.contractiontimer.BuildConfig
com.ianhanniballake.contractiontimer.R
com.ianhanniballake.contractiontimer.R$array
com.ianhanniballake.contractiontimer.R$attr
com.ianhanniballake.contractiontimer.R$bool
com.ianhanniballake.contractiontimer.R$color
com.ianhanniballake.contractiontimer.R$dimen
com.ianhanniballake.contractiontimer.R$drawable
com.ianhanniballake.contractiontimer.R$id
com.ianhanniballake.contractiontimer.R$layout
com.ianhanniballake.contractiontimer.R$menu
com.ianhanniballake.contractiontimer.R$plurals
com.ianhanniballake.contractiontimer.R$string
com.ianhanniballake.contractiontimer.R$style
com.ianhanniballake.contractiontimer.R$styleable
com.ianhanniballake.contractiontimer.R$xml
com.ianhanniballake.contractiontimer.actionbar.ActionBarHelperBase$WrappedMenuInflater:
    private static final java.lang.String MENU_ATTR_ID
    private static final java.lang.String MENU_ATTR_SHOW_AS_ACTION
    private static final java.lang.String MENU_RES_NAMESPACE
com.ianhanniballake.contractiontimer.appwidget.AppWidgetToggleService:
    public static final java.lang.String WIDGET_NAME_EXTRA
com.ianhanniballake.contractiontimer.appwidget.ControlAppWidgetService:
    private static final java.lang.String WIDGET_IDENTIFIER
com.ianhanniballake.contractiontimer.appwidget.DetailAppWidgetService:
    private static final java.lang.String KEYGUARD_WIDGET_IDENTIFIER
    private static final java.lang.String WIDGET_IDENTIFIER
com.ianhanniballake.contractiontimer.appwidget.ToggleAppWidgetService:
    private static final java.lang.String WIDGET_IDENTIFIER
com.ianhanniballake.contractiontimer.inappbilling.Base64:
    public static final boolean DECODE
    public static final boolean ENCODE
    private static final byte EQUALS_SIGN
    private static final byte EQUALS_SIGN_ENC
    private static final byte NEW_LINE
    private static final byte WHITE_SPACE_ENC
    164:164:public static byte[] decode(byte[])
    345:345:public static byte[] decodeWebSafe(byte[])
    363:363:public static byte[] decodeWebSafe(byte[],int,int)
    375:376:public static byte[] decodeWebSafe(java.lang.String)
    388:388:public static java.lang.String encode(byte[])
    409:419:public static java.lang.String encode(byte[],int,int,byte[],boolean)
    440:480:public static byte[] encode(byte[],int,int,byte[],int)
    520:544:private static byte[] encode3to4(byte[],int,int,byte[],int,byte[])
    558:558:public static java.lang.String encodeWebSafe(byte[],boolean)
com.ianhanniballake.contractiontimer.inappbilling.Base64DecoderException:
    private static final long serialVersionUID
...
android.support.v4.view.ViewConfigurationCompat:
    25:46:public ViewConfigurationCompat()
android.support.v4.view.ViewConfigurationCompatFroyo:
    24:24:ViewConfigurationCompatFroyo()
android.support.v4.view.ViewGroupCompat
android.support.v4.view.ViewGroupCompat$ViewGroupCompatIcsImpl
android.support.v4.view.ViewGroupCompat$ViewGroupCompatImpl
android.support.v4.view.ViewGroupCompat$ViewGroupCompatStubImpl
android.support.v4.view.ViewGroupCompatIcs
android.support.v4.view.ViewPager:
    private static final java.lang.String TAG
    private static final boolean DEBUG
    private static final boolean USE_CACHE
    private static final int DEFAULT_OFFSCREEN_PAGES
    private static final int MAX_SETTLE_DURATION
    private static final int MIN_DISTANCE_FOR_FLING
    private static final int DEFAULT_GUTTER_SIZE
    private boolean mIgnoreGutter
    private static final int INVALID_POINTER
    private static final int CLOSE_ENOUGH
    private long mFakeDragBeginTime
    public static final int SCROLL_STATE_IDLE
    public static final int SCROLL_STATE_DRAGGING
    public static final int SCROLL_STATE_SETTLING
    638:639:void smoothScrollTo(int,int)
    2025:2041:public boolean beginFakeDrag()
    2051:2072:public void endFakeDrag()
    2082:2120:public void fakeDragBy(float)
    2132:2132:public boolean isFakeDragging()
android.support.v4.view.ViewPager$SimpleOnPageChangeListener
android.support.v4.view.accessibility.AccessibilityEventCompat
android.support.v4.view.accessibility.AccessibilityEventCompat$AccessibilityEventIcsImpl
android.support.v4.view.accessibility.AccessibilityEventCompat$AccessibilityEventStubImpl
android.support.v4.view.accessibility.AccessibilityEventCompat$AccessibilityEventVersionImpl
android.support.v4.view.accessibility.AccessibilityEventCompatIcs
android.support.v4.view.accessibility.AccessibilityManagerCompat
android.support.v4.view.accessibility.AccessibilityManagerCompat$AccessibilityManagerIcsImpl
android.support.v4.view.accessibility.AccessibilityManagerCompat$AccessibilityManagerIcsImpl$1
android.support.v4.view.accessibility.AccessibilityManagerCompat$AccessibilityManagerStubImpl
android.support.v4.view.accessibility.AccessibilityManagerCompat$AccessibilityManagerVersionImpl
android.support.v4.view.accessibility.AccessibilityManagerCompat$AccessibilityStateChangeListenerCompat
android.support.v4.view.accessibility.AccessibilityManagerCompatIcs
android.support.v4.view.accessibility.AccessibilityManagerCompatIcs$1
android.support.v4.view.accessibility.AccessibilityManagerCompatIcs$AccessibilityStateChangeListenerBridge